03-19-2022 10:02:07.812 [main] INFO  com.qa.report.Log - Before navigating to: 'https://acme-test.uipath.com/login'
03-19-2022 10:02:09.860 [main] INFO  com.qa.report.Log - Navigated to:'https://acme-test.uipath.com/login'
03-19-2022 10:02:10.023 [main] INFO  com.qa.report.Log - Browser invoked and url passed to webdriver
03-19-2022 10:02:12.154 [main] INFO  com.qa.report.Log - Before navigating to: 'https://acme-test.uipath.com/login'
03-19-2022 10:02:13.499 [main] INFO  com.qa.report.Log - Navigated to:'https://acme-test.uipath.com/login'
03-19-2022 10:02:13.655 [main] INFO  com.qa.report.Log - Browser invoked and url passed to webdriver
03-19-2022 10:02:18.667 [main] INFO  com.qa.report.Log - Trying to find Element By : By.xpath: //*[@id='email']
03-19-2022 10:02:18.693 [main] INFO  com.qa.report.Log - Found Element By : By.xpath: //*[@id='email']
03-19-2022 10:02:18.767 [main] INFO  com.qa.report.Log - Trying to find Element By : By.xpath: //*[@id='password']
03-19-2022 10:02:18.786 [main] INFO  com.qa.report.Log - Found Element By : By.xpath: //*[@id='password']
03-19-2022 10:02:18.837 [main] INFO  com.qa.report.Log - Trying to find Element By : By.xpath: //button[@type='submit']
03-19-2022 10:02:18.865 [main] INFO  com.qa.report.Log - Found Element By : By.xpath: //button[@type='submit']
03-19-2022 10:02:18.865 [main] INFO  com.qa.report.Log - Trying to click on: [[ChromeDriver: chrome on WINDOWS (eea68f05e23b66bdfaf3f8185211455a)] -> xpath: //button[@type='submit']]
03-19-2022 10:02:22.569 [main] INFO  com.qa.report.Log - Clicked on: [[ChromeDriver: chrome on WINDOWS (eea68f05e23b66bdfaf3f8185211455a)] -> xpath: //button[@type='submit']]
03-19-2022 10:02:24.465 [main] INFO  com.qa.report.Log - Before navigating to: 'https://acme-test.uipath.com/login'
03-19-2022 10:02:26.336 [main] INFO  com.qa.report.Log - Navigated to:'https://acme-test.uipath.com/login'
03-19-2022 10:02:26.468 [main] INFO  com.qa.report.Log - Trying to find Element By : By.xpath: //*[@id='email']
03-19-2022 10:02:26.502 [main] INFO  com.qa.report.Log - Found Element By : By.xpath: //*[@id='email']
03-19-2022 10:02:26.581 [main] INFO  com.qa.report.Log - Trying to find Element By : By.xpath: //*[@id='password']
03-19-2022 10:02:26.604 [main] INFO  com.qa.report.Log - Found Element By : By.xpath: //*[@id='password']
03-19-2022 10:02:26.656 [main] INFO  com.qa.report.Log - Trying to find Element By : By.xpath: //button[@type='submit']
03-19-2022 10:02:26.678 [main] INFO  com.qa.report.Log - Found Element By : By.xpath: //button[@type='submit']
03-19-2022 10:02:26.679 [main] INFO  com.qa.report.Log - Trying to click on: [[ChromeDriver: chrome on WINDOWS (24cf416af0b268540a685c738a41a245)] -> xpath: //button[@type='submit']]
03-19-2022 10:02:28.604 [main] INFO  com.qa.report.Log - Clicked on: [[ChromeDriver: chrome on WINDOWS (24cf416af0b268540a685c738a41a245)] -> xpath: //button[@type='submit']]
03-19-2022 10:02:30.645 [main] INFO  com.qa.report.Log - Before navigating to: 'https://acme-test.uipath.com/login'
03-19-2022 10:02:32.542 [main] INFO  com.qa.report.Log - Navigated to:'https://acme-test.uipath.com/login'
03-19-2022 10:02:32.700 [main] INFO  com.qa.report.Log - Trying to find Element By : By.xpath: //*[@id='email']
03-19-2022 10:02:32.730 [main] INFO  com.qa.report.Log - Found Element By : By.xpath: //*[@id='email']
03-19-2022 10:02:32.800 [main] INFO  com.qa.report.Log - Trying to find Element By : By.xpath: //*[@id='password']
03-19-2022 10:02:32.816 [main] INFO  com.qa.report.Log - Found Element By : By.xpath: //*[@id='password']
03-19-2022 10:02:32.866 [main] INFO  com.qa.report.Log - Trying to find Element By : By.xpath: //button[@type='submit']
03-19-2022 10:02:32.878 [main] INFO  com.qa.report.Log - Found Element By : By.xpath: //button[@type='submit']
03-19-2022 10:02:32.878 [main] INFO  com.qa.report.Log - Trying to click on: [[ChromeDriver: chrome on WINDOWS (ec962d538cdd6914fd1cca80d25736db)] -> xpath: //button[@type='submit']]
03-19-2022 10:02:34.364 [main] INFO  com.qa.report.Log - Clicked on: [[ChromeDriver: chrome on WINDOWS (ec962d538cdd6914fd1cca80d25736db)] -> xpath: //button[@type='submit']]
03-19-2022 10:02:34.365 [main] INFO  com.qa.report.Log - Trying to find Element By : By.xpath: //strong[contains(text(),'ankur.sharma@kmgin.com')]
03-19-2022 10:02:34.392 [main] INFO  com.qa.report.Log - Found Element By : By.xpath: //strong[contains(text(),'ankur.sharma@kmgin.com')]
